<?xml version="1.0" encoding="UTF-8"?>
<testsuite name="A new user account can be created if a proper unused username and password are given" tests="7" skipped="0" failures="1" errors="0" timestamp="2020-01-27T11:31:39" hostname="antton-Aspire-E5-575" time="0.022">
  <properties/>
  <testcase name="creation is successful with valid username and password" classname="A new user account can be created if a proper unused username and password are given" time="0.003"/>
  <testcase name="creation fails with already taken username and valid password" classname="A new user account can be created if a proper unused username and password are given" time="0.001"/>
  <testcase name="creation fails with invalid username and valid password" classname="A new user account can be created if a proper unused username and password are given" time="0.01">
    <failure message="java.lang.AssertionError" type="java.lang.AssertionError">java.lang.AssertionError
	at org.junit.Assert.fail(Assert.java:86)
	at org.junit.Assert.assertTrue(Assert.java:41)
	at org.junit.Assert.assertTrue(Assert.java:52)
	at ohtu.Stepdefs.systemWillRespondWith(Stepdefs.java:58)
	at ✽.system will respond with &quot;new user not registered&quot;(file:src/test/resources/ohtu/new_user.feature:15)
</failure>
  </testcase>
  <testcase name="creation fails with too short username and valid password" classname="A new user account can be created if a proper unused username and password are given" time="0.002"/>
  <testcase name="creation fails with valid username and too short password" classname="A new user account can be created if a proper unused username and password are given" time="0.001"/>
  <testcase name="creation fails with valid username and password long enough but consisting of only letters" classname="A new user account can be created if a proper unused username and password are given" time="0.001"/>
  <testcase name="can login with successfully generated account" classname="A new user account can be created if a proper unused username and password are given" time="0.001"/>
  <system-out><![CDATA[
Feature: A new user account can be created if a proper unused username and password are given

  Scenario: creation is successful with valid username and password ?[90m# src/test/resources/ohtu/new_user.feature:2?[0m
    ?[32mGiven ?[0m?[32mcommand new is selected?[0m                                   ?[90m# Stepdefs.commandNewSelected()?[0m
    ?[32mWhen ?[0m?[32musername ?[0m?[32m?[1m"foo"?[0m?[32m and password ?[0m?[32m?[1m"password123"?[0m?[32m are entered?[0m      ?[90m# Stepdefs.usernameAndPasswordAreEntered(String,String)?[0m
    ?[32mThen ?[0m?[32msystem will respond with ?[0m?[32m?[1m"new user registered"?[0m             ?[90m# Stepdefs.systemWillRespondWith(String)?[0m

  Scenario: creation fails with already taken username and valid password ?[90m# src/test/resources/ohtu/new_user.feature:7?[0m
    ?[32mGiven ?[0m?[32mcommand new is selected?[0m                                         ?[90m# Stepdefs.commandNewSelected()?[0m
    ?[32mWhen ?[0m?[32musername ?[0m?[32m?[1m"pekka"?[0m?[32m and password ?[0m?[32m?[1m"password123"?[0m?[32m are entered?[0m          ?[90m# Stepdefs.usernameAndPasswordAreEntered(String,String)?[0m
    ?[32mThen ?[0m?[32msystem will respond with ?[0m?[32m?[1m"new user not registered"?[0m               ?[90m# Stepdefs.systemWillRespondWith(String)?[0m

  Scenario: creation fails with invalid username and valid password ?[90m# src/test/resources/ohtu/new_user.feature:12?[0m
    ?[32mGiven ?[0m?[32mcommand new is selected?[0m                                   ?[90m# Stepdefs.commandNewSelected()?[0m
    ?[32mWhen ?[0m?[32musername ?[0m?[32m?[1m"jaja"?[0m?[32m and password ?[0m?[32m?[1m"password123"?[0m?[32m are entered?[0m     ?[90m# Stepdefs.usernameAndPasswordAreEntered(String,String)?[0m
    ?[31mThen ?[0m?[31msystem will respond with ?[0m?[31m?[1m"new user not registered"?[0m         ?[90m# Stepdefs.systemWillRespondWith(String)?[0m
      ?[31mjava.lang.AssertionError
	at org.junit.Assert.fail(Assert.java:86)
	at org.junit.Assert.assertTrue(Assert.java:41)
	at org.junit.Assert.assertTrue(Assert.java:52)
	at ohtu.Stepdefs.systemWillRespondWith(Stepdefs.java:58)
	at ✽.system will respond with "new user not registered"(file:src/test/resources/ohtu/new_user.feature:15)
?[0m

  Scenario: creation fails with too short username and valid password ?[90m# src/test/resources/ohtu/new_user.feature:18?[0m
    ?[32mGiven ?[0m?[32mcommand new is selected?[0m                                     ?[90m# Stepdefs.commandNewSelected()?[0m
    ?[32mWhen ?[0m?[32musername ?[0m?[32m?[1m"fo"?[0m?[32m and password ?[0m?[32m?[1m"password123"?[0m?[32m are entered?[0m         ?[90m# Stepdefs.usernameAndPasswordAreEntered(String,String)?[0m
    ?[32mThen ?[0m?[32msystem will respond with ?[0m?[32m?[1m"new user not registered"?[0m           ?[90m# Stepdefs.systemWillRespondWith(String)?[0m

  Scenario: creation fails with valid username and too short password ?[90m# src/test/resources/ohtu/new_user.feature:23?[0m
    ?[32mGiven ?[0m?[32mcommand new is selected?[0m                                     ?[90m# Stepdefs.commandNewSelected()?[0m
    ?[32mWhen ?[0m?[32musername ?[0m?[32m?[1m"foobar"?[0m?[32m and password ?[0m?[32m?[1m"foobarr"?[0m?[32m are entered?[0m         ?[90m# Stepdefs.usernameAndPasswordAreEntered(String,String)?[0m
    ?[32mThen ?[0m?[32msystem will respond with ?[0m?[32m?[1m"new user not registered"?[0m           ?[90m# Stepdefs.systemWillRespondWith(String)?[0m

  Scenario: creation fails with valid username and password long enough but consisting of only letters ?[90m# src/test/resources/ohtu/new_user.feature:28?[0m
    ?[32mGiven ?[0m?[32mcommand new is selected?[0m                                                                      ?[90m# Stepdefs.commandNewSelected()?[0m
    ?[32mWhen ?[0m?[32musername ?[0m?[32m?[1m"foobar"?[0m?[32m and password ?[0m?[32m?[1m"foobarbar"?[0m?[32m are entered?[0m                                        ?[90m# Stepdefs.usernameAndPasswordAreEntered(String,String)?[0m
    ?[32mThen ?[0m?[32msystem will respond with ?[0m?[32m?[1m"new user not registered"?[0m                                            ?[90m# Stepdefs.systemWillRespondWith(String)?[0m

  Scenario: can login with successfully generated account     ?[90m# src/test/resources/ohtu/new_user.feature:33?[0m
    ?[32mGiven ?[0m?[32muser ?[0m?[32m?[1m"eero"?[0m?[32m with password ?[0m?[32m?[1m"salainen1"?[0m?[32m is created?[0m    ?[90m# Stepdefs.userWithPasswordIsCreated(String,String)?[0m
    ?[32mAnd ?[0m?[32mcommand login is selected?[0m                             ?[90m# Stepdefs.commandLoginSelected()?[0m
    ?[32mWhen ?[0m?[32musername ?[0m?[32m?[1m"eero"?[0m?[32m and password ?[0m?[32m?[1m"salainen1"?[0m?[32m are entered?[0m ?[90m# Stepdefs.usernameAndPasswordAreEntered(String,String)?[0m
    ?[32mThen ?[0m?[32msystem will respond with ?[0m?[32m?[1m"logged in"?[0m                 ?[90m# Stepdefs.systemWillRespondWith(String)?[0m
]]></system-out>
  <system-err><![CDATA[]]></system-err>
</testsuite>
